<?xml version="1.0" encoding="UTF-8"?>
<testsuite xmlns:xsi="http://www.w3.org/2001/XMLSchema-instance" xsi:noNamespaceSchemaLocation="https://maven.apache.org/surefire/maven-surefire-plugin/xsd/surefire-test-report-3.0.xsd" version="3.0" name="me.abner.mp.custom.MainTest" time="1.054" tests="1" errors="1" skipped="0" failures="0">
  <properties>
    <property name="java.specification.version" value="18"/>
    <property name="jersey.config.allowSystemPropertiesProvider" value="true"/>
    <property name="sun.jnu.encoding" value="UTF-8"/>
    <property name="java.class.path" value="/Users/abner/oci/java/custom-mp/target/test-classes:/Users/abner/oci/java/custom-mp/target/classes:/Users/abner/.m2/repository/io/helidon/microprofile/bundles/helidon-microprofile-core/3.0.2/helidon-microprofile-core-3.0.2.jar:/Users/abner/.m2/repository/io/helidon/microprofile/server/helidon-microprofile-server/3.0.2/helidon-microprofile-server-3.0.2.jar:/Users/abner/.m2/repository/io/helidon/webserver/helidon-webserver-static-content/3.0.2/helidon-webserver-static-content-3.0.2.jar:/Users/abner/.m2/repository/io/helidon/common/helidon-common-service-loader/3.0.2/helidon-common-service-loader-3.0.2.jar:/Users/abner/.m2/repository/jakarta/interceptor/jakarta.interceptor-api/2.0.0/jakarta.interceptor-api-2.0.0.jar:/Users/abner/.m2/repository/jakarta/enterprise/jakarta.enterprise.cdi-api/3.0.0/jakarta.enterprise.cdi-api-3.0.0.jar:/Users/abner/.m2/repository/jakarta/el/jakarta.el-api/4.0.0/jakarta.el-api-4.0.0.jar:/Users/abner/.m2/repository/org/eclipse/parsson/parsson/1.0.2/parsson-1.0.2.jar:/Users/abner/.m2/repository/jakarta/json/jakarta.json-api/2.0.1/jakarta.json-api-2.0.1.jar:/Users/abner/.m2/repository/io/helidon/media/helidon-media-jsonp/3.0.2/helidon-media-jsonp-3.0.2.jar:/Users/abner/.m2/repository/io/helidon/config/helidon-config-yaml/3.0.2/helidon-config-yaml-3.0.2.jar:/Users/abner/.m2/repository/org/yaml/snakeyaml/1.32/snakeyaml-1.32.jar:/Users/abner/.m2/repository/org/glassfish/jersey/ext/cdi/jersey-weld2-se/3.0.8/jersey-weld2-se-3.0.8.jar:/Users/abner/.m2/repository/org/glassfish/jersey/ext/cdi/jersey-cdi1x/3.0.8/jersey-cdi1x-3.0.8.jar:/Users/abner/.m2/repository/io/helidon/jersey/helidon-jersey-media-jsonp/3.0.2/helidon-jersey-media-jsonp-3.0.2.jar:/Users/abner/.m2/repository/org/glassfish/jersey/media/jersey-media-json-processing/3.0.8/jersey-media-json-processing-3.0.8.jar:/Users/abner/.m2/repository/org/eclipse/parsson/parsson-media/1.0.2/parsson-media-1.0.2.jar:/Users/abner/.m2/repository/io/helidon/microprofile/config/helidon-microprofile-config/3.0.2/helidon-microprofile-config-3.0.2.jar:/Users/abner/.m2/repository/io/helidon/config/helidon-config-encryption/3.0.2/helidon-config-encryption-3.0.2.jar:/Users/abner/.m2/repository/io/helidon/common/helidon-common-crypto/3.0.2/helidon-common-crypto-3.0.2.jar:/Users/abner/.m2/repository/io/helidon/config/helidon-config-object-mapping/3.0.2/helidon-config-object-mapping-3.0.2.jar:/Users/abner/.m2/repository/com/fasterxml/jackson/core/jackson-databind/2.13.2.2/jackson-databind-2.13.2.2.jar:/Users/abner/.m2/repository/com/fasterxml/jackson/core/jackson-annotations/2.13.2/jackson-annotations-2.13.2.jar:/Users/abner/.m2/repository/com/fasterxml/jackson/core/jackson-core/2.13.2/jackson-core-2.13.2.jar:/Users/abner/.m2/repository/org/glassfish/jersey/media/jersey-media-json-jackson/3.0.8/jersey-media-json-jackson-3.0.8.jar:/Users/abner/.m2/repository/org/glassfish/jersey/core/jersey-common/3.0.8/jersey-common-3.0.8.jar:/Users/abner/.m2/repository/jakarta/ws/rs/jakarta.ws.rs-api/3.0.0/jakarta.ws.rs-api-3.0.0.jar:/Users/abner/.m2/repository/jakarta/annotation/jakarta.annotation-api/2.0.0/jakarta.annotation-api-2.0.0.jar:/Users/abner/.m2/repository/jakarta/inject/jakarta.inject-api/2.0.0/jakarta.inject-api-2.0.0.jar:/Users/abner/.m2/repository/org/glassfish/hk2/osgi-resource-locator/1.0.3/osgi-resource-locator-1.0.3.jar:/Users/abner/.m2/repository/org/glassfish/jersey/ext/jersey-entity-filtering/3.0.8/jersey-entity-filtering-3.0.8.jar:/Users/abner/.m2/repository/com/fasterxml/jackson/module/jackson-module-jakarta-xmlbind-annotations/2.13.2/jackson-module-jakarta-xmlbind-annotations-2.13.2.jar:/Users/abner/.m2/repository/com/sun/activation/jakarta.activation/2.0.1/jakarta.activation-2.0.1.jar:/Users/abner/.m2/repository/jakarta/xml/bind/jakarta.xml.bind-api/3.0.1/jakarta.xml.bind-api-3.0.1.jar:/Users/abner/.m2/repository/io/helidon/security/providers/helidon-security-providers-jwt/3.0.2/helidon-security-providers-jwt-3.0.2.jar:/Users/abner/.m2/repository/io/helidon/security/providers/helidon-security-providers-common/3.0.2/helidon-security-providers-common-3.0.2.jar:/Users/abner/.m2/repository/io/helidon/security/helidon-security-jwt/3.0.2/helidon-security-jwt-3.0.2.jar:/Users/abner/.m2/repository/io/helidon/common/helidon-common/3.0.2/helidon-common-3.0.2.jar:/Users/abner/.m2/repository/io/helidon/common/helidon-common-configurable/3.0.2/helidon-common-configurable-3.0.2.jar:/Users/abner/.m2/repository/io/helidon/security/helidon-security-util/3.0.2/helidon-security-util-3.0.2.jar:/Users/abner/.m2/repository/io/helidon/security/providers/helidon-security-providers-abac/3.0.2/helidon-security-providers-abac-3.0.2.jar:/Users/abner/.m2/repository/io/helidon/security/helidon-security/3.0.2/helidon-security-3.0.2.jar:/Users/abner/.m2/repository/io/helidon/common/helidon-common-reactive/3.0.2/helidon-common-reactive-3.0.2.jar:/Users/abner/.m2/repository/io/helidon/common/helidon-common-mapper/3.0.2/helidon-common-mapper-3.0.2.jar:/Users/abner/.m2/repository/io/helidon/tracing/helidon-tracing/3.0.2/helidon-tracing-3.0.2.jar:/Users/abner/.m2/repository/io/helidon/microprofile/helidon-microprofile-security/3.0.2/helidon-microprofile-security-3.0.2.jar:/Users/abner/.m2/repository/io/helidon/microprofile/cdi/helidon-microprofile-cdi/3.0.2/helidon-microprofile-cdi-3.0.2.jar:/Users/abner/.m2/repository/io/helidon/microprofile/weld/weld-se-core/3.0.2/weld-se-core-3.0.2.jar:/Users/abner/.m2/repository/io/helidon/microprofile/weld/weld-core-impl/3.0.2/weld-core-impl-3.0.2.jar:/Users/abner/.m2/repository/org/jboss/weld/environment/weld-environment-common/4.0.2.Final/weld-environment-common-4.0.2.Final.jar:/Users/abner/.m2/repository/org/jboss/weld/weld-api/4.0.SP1/weld-api-4.0.SP1.jar:/Users/abner/.m2/repository/org/jboss/weld/weld-spi/4.0.SP1/weld-spi-4.0.SP1.jar:/Users/abner/.m2/repository/org/jboss/logging/jboss-logging/3.4.2.Final/jboss-logging-3.4.2.Final.jar:/Users/abner/.m2/repository/org/jboss/classfilewriter/jboss-classfilewriter/1.2.5.Final/jboss-classfilewriter-1.2.5.Final.jar:/Users/abner/.m2/repository/org/eclipse/microprofile/config/microprofile-config-api/3.0.1/microprofile-config-api-3.0.1.jar:/Users/abner/.m2/repository/io/helidon/common/helidon-common-context/3.0.2/helidon-common-context-3.0.2.jar:/Users/abner/.m2/repository/io/helidon/bundles/helidon-bundles-security/3.0.2/helidon-bundles-security-3.0.2.jar:/Users/abner/.m2/repository/io/helidon/security/helidon-security-annotations/3.0.2/helidon-security-annotations-3.0.2.jar:/Users/abner/.m2/repository/io/helidon/security/providers/helidon-security-providers-header/3.0.2/helidon-security-providers-header-3.0.2.jar:/Users/abner/.m2/repository/io/helidon/security/providers/helidon-security-providers-http-auth/3.0.2/helidon-security-providers-http-auth-3.0.2.jar:/Users/abner/.m2/repository/io/helidon/security/providers/helidon-security-providers-http-sign/3.0.2/helidon-security-providers-http-sign-3.0.2.jar:/Users/abner/.m2/repository/io/helidon/security/providers/helidon-security-providers-oidc/3.0.2/helidon-security-providers-oidc-3.0.2.jar:/Users/abner/.m2/repository/io/helidon/security/providers/helidon-security-providers-oidc-common/3.0.2/helidon-security-providers-oidc-common-3.0.2.jar:/Users/abner/.m2/repository/io/helidon/webclient/helidon-webclient-security/3.0.2/helidon-webclient-security-3.0.2.jar:/Users/abner/.m2/repository/io/helidon/webclient/helidon-webclient-tracing/3.0.2/helidon-webclient-tracing-3.0.2.jar:/Users/abner/.m2/repository/io/helidon/webclient/helidon-webclient/3.0.2/helidon-webclient-3.0.2.jar:/Users/abner/.m2/repository/io/netty/netty-handler-proxy/4.1.77.Final/netty-handler-proxy-4.1.77.Final.jar:/Users/abner/.m2/repository/io/netty/netty-codec-socks/4.1.77.Final/netty-codec-socks-4.1.77.Final.jar:/Users/abner/.m2/repository/io/netty/netty-resolver-dns/4.1.77.Final/netty-resolver-dns-4.1.77.Final.jar:/Users/abner/.m2/repository/io/netty/netty-codec-dns/4.1.77.Final/netty-codec-dns-4.1.77.Final.jar:/Users/abner/.m2/repository/io/helidon/security/abac/helidon-security-abac-time/3.0.2/helidon-security-abac-time-3.0.2.jar:/Users/abner/.m2/repository/io/helidon/security/abac/helidon-security-abac-role/3.0.2/helidon-security-abac-role-3.0.2.jar:/Users/abner/.m2/repository/io/helidon/security/abac/helidon-security-abac-scope/3.0.2/helidon-security-abac-scope-3.0.2.jar:/Users/abner/.m2/repository/io/helidon/security/abac/helidon-security-abac-policy/3.0.2/helidon-security-abac-policy-3.0.2.jar:/Users/abner/.m2/repository/io/helidon/security/integration/helidon-security-integration-jersey/3.0.2/helidon-security-integration-jersey-3.0.2.jar:/Users/abner/.m2/repository/io/helidon/security/integration/helidon-security-integration-common/3.0.2/helidon-security-integration-common-3.0.2.jar:/Users/abner/.m2/repository/io/helidon/tracing/helidon-tracing-config/3.0.2/helidon-tracing-config-3.0.2.jar:/Users/abner/.m2/repository/io/helidon/webclient/helidon-webclient-jaxrs/3.0.2/helidon-webclient-jaxrs-3.0.2.jar:/Users/abner/.m2/repository/io/opentracing/opentracing-util/0.33.0/opentracing-util-0.33.0.jar:/Users/abner/.m2/repository/io/opentracing/opentracing-api/0.33.0/opentracing-api-0.33.0.jar:/Users/abner/.m2/repository/io/opentracing/opentracing-noop/0.33.0/opentracing-noop-0.33.0.jar:/Users/abner/.m2/repository/io/helidon/security/integration/helidon-security-integration-webserver/3.0.2/helidon-security-integration-webserver-3.0.2.jar:/Users/abner/.m2/repository/io/helidon/security/integration/helidon-security-integration-jersey-client/3.0.2/helidon-security-integration-jersey-client-3.0.2.jar:/Users/abner/.m2/repository/io/helidon/microprofile/helidon-microprofile-cors/3.0.2/helidon-microprofile-cors-3.0.2.jar:/Users/abner/.m2/repository/io/helidon/jersey/helidon-jersey-common/3.0.2/helidon-jersey-common-3.0.2.jar:/Users/abner/.m2/repository/io/helidon/webserver/helidon-webserver/3.0.2/helidon-webserver-3.0.2.jar:/Users/abner/.m2/repository/io/helidon/common/helidon-common-http/3.0.2/helidon-common-http-3.0.2.jar:/Users/abner/.m2/repository/io/helidon/media/helidon-media-common/3.0.2/helidon-media-common-3.0.2.jar:/Users/abner/.m2/repository/io/helidon/common/helidon-common-key-util/3.0.2/helidon-common-key-util-3.0.2.jar:/Users/abner/.m2/repository/io/helidon/logging/helidon-logging-common/3.0.2/helidon-logging-common-3.0.2.jar:/Users/abner/.m2/repository/io/netty/netty-codec-http/4.1.77.Final/netty-codec-http-4.1.77.Final.jar:/Users/abner/.m2/repository/io/netty/netty-common/4.1.77.Final/netty-common-4.1.77.Final.jar:/Users/abner/.m2/repository/io/netty/netty-transport/4.1.77.Final/netty-transport-4.1.77.Final.jar:/Users/abner/.m2/repository/io/netty/netty-codec/4.1.77.Final/netty-codec-4.1.77.Final.jar:/Users/abner/.m2/repository/io/netty/netty-handler/4.1.77.Final/netty-handler-4.1.77.Final.jar:/Users/abner/.m2/repository/io/netty/netty-resolver/4.1.77.Final/netty-resolver-4.1.77.Final.jar:/Users/abner/.m2/repository/io/helidon/webserver/helidon-webserver-jersey/3.0.2/helidon-webserver-jersey-3.0.2.jar:/Users/abner/.m2/repository/io/helidon/jersey/helidon-jersey-server/3.0.2/helidon-jersey-server-3.0.2.jar:/Users/abner/.m2/repository/org/glassfish/jersey/core/jersey-server/3.0.8/jersey-server-3.0.8.jar:/Users/abner/.m2/repository/jakarta/validation/jakarta.validation-api/3.0.0/jakarta.validation-api-3.0.0.jar:/Users/abner/.m2/repository/io/netty/netty-buffer/4.1.77.Final/netty-buffer-4.1.77.Final.jar:/Users/abner/.m2/repository/org/glassfish/jersey/inject/jersey-hk2/3.0.8/jersey-hk2-3.0.8.jar:/Users/abner/.m2/repository/org/glassfish/hk2/hk2-locator/3.0.3/hk2-locator-3.0.3.jar:/Users/abner/.m2/repository/org/glassfish/hk2/external/aopalliance-repackaged/3.0.3/aopalliance-repackaged-3.0.3.jar:/Users/abner/.m2/repository/org/glassfish/hk2/hk2-api/3.0.3/hk2-api-3.0.3.jar:/Users/abner/.m2/repository/org/glassfish/hk2/hk2-utils/3.0.3/hk2-utils-3.0.3.jar:/Users/abner/.m2/repository/org/javassist/javassist/3.28.0-GA/javassist-3.28.0-GA.jar:/Users/abner/.m2/repository/io/helidon/webserver/helidon-webserver-cors/3.0.2/helidon-webserver-cors-3.0.2.jar:/Users/abner/.m2/repository/io/helidon/config/helidon-config-mp/3.0.2/helidon-config-mp-3.0.2.jar:/Users/abner/.m2/repository/org/jboss/jandex/2.4.3.Final/jandex-2.4.3.Final.jar:/Users/abner/.m2/repository/jakarta/activation/jakarta.activation-api/2.0.1/jakarta.activation-api-2.0.1.jar:/Users/abner/.m2/repository/org/junit/jupiter/junit-jupiter-api/5.7.0/junit-jupiter-api-5.7.0.jar:/Users/abner/.m2/repository/org/apiguardian/apiguardian-api/1.1.0/apiguardian-api-1.1.0.jar:/Users/abner/.m2/repository/org/opentest4j/opentest4j/1.2.0/opentest4j-1.2.0.jar:/Users/abner/.m2/repository/org/junit/platform/junit-platform-commons/1.7.0/junit-platform-commons-1.7.0.jar:/Users/abner/.m2/repository/io/helidon/microprofile/tests/helidon-microprofile-tests-junit5/3.0.2/helidon-microprofile-tests-junit5-3.0.2.jar:/Users/abner/.m2/repository/io/helidon/jersey/helidon-jersey-client/3.0.2/helidon-jersey-client-3.0.2.jar:/Users/abner/.m2/repository/org/glassfish/jersey/core/jersey-client/3.0.8/jersey-client-3.0.8.jar:/Users/abner/.m2/repository/io/helidon/config/helidon-config-yaml-mp/3.0.2/helidon-config-yaml-mp-3.0.2.jar:/Users/abner/.m2/repository/org/hamcrest/hamcrest-all/1.3/hamcrest-all-1.3.jar:/Users/abner/.m2/repository/io/helidon/microprofile/jwt/helidon-microprofile-jwt-auth/3.0.2/helidon-microprofile-jwt-auth-3.0.2.jar:/Users/abner/.m2/repository/org/eclipse/microprofile/jwt/microprofile-jwt-auth-api/2.0/microprofile-jwt-auth-api-2.0.jar:/Users/abner/.m2/repository/io/helidon/config/helidon-config/3.0.2/helidon-config-3.0.2.jar:/Users/abner/.m2/repository/io/helidon/common/helidon-common-media-type/3.0.2/helidon-common-media-type-3.0.2.jar:"/>
    <property name="java.vm.vendor" value="Homebrew"/>
    <property name="sun.arch.data.model" value="64"/>
    <property name="java.vendor.url" value="https://github.com/Homebrew/homebrew-core/issues"/>
    <property name="user.timezone" value="America/Sao_Paulo"/>
    <property name="os.name" value="Mac OS X"/>
    <property name="java.vm.specification.version" value="18"/>
    <property name="sun.java.launcher" value="SUN_STANDARD"/>
    <property name="user.country" value="BR"/>
    <property name="sun.boot.library.path" value="/opt/homebrew/Cellar/openjdk/18.0.2/libexec/openjdk.jdk/Contents/Home/lib"/>
    <property name="sun.java.command" value="/Users/abner/oci/java/custom-mp/target/surefire/surefirebooter3725683459345717064.jar /Users/abner/oci/java/custom-mp/target/surefire 2022-11-01T13-08-39_107-jvmRun1 surefire16611483413399109847tmp surefire_06566173781248892717tmp"/>
    <property name="http.nonProxyHosts" value="local|*.local|169.254/16|*.169.254/16"/>
    <property name="jdk.debug" value="release"/>
    <property name="surefire.test.class.path" value="/Users/abner/oci/java/custom-mp/target/test-classes:/Users/abner/oci/java/custom-mp/target/classes:/Users/abner/.m2/repository/io/helidon/microprofile/bundles/helidon-microprofile-core/3.0.2/helidon-microprofile-core-3.0.2.jar:/Users/abner/.m2/repository/io/helidon/microprofile/server/helidon-microprofile-server/3.0.2/helidon-microprofile-server-3.0.2.jar:/Users/abner/.m2/repository/io/helidon/webserver/helidon-webserver-static-content/3.0.2/helidon-webserver-static-content-3.0.2.jar:/Users/abner/.m2/repository/io/helidon/common/helidon-common-service-loader/3.0.2/helidon-common-service-loader-3.0.2.jar:/Users/abner/.m2/repository/jakarta/interceptor/jakarta.interceptor-api/2.0.0/jakarta.interceptor-api-2.0.0.jar:/Users/abner/.m2/repository/jakarta/enterprise/jakarta.enterprise.cdi-api/3.0.0/jakarta.enterprise.cdi-api-3.0.0.jar:/Users/abner/.m2/repository/jakarta/el/jakarta.el-api/4.0.0/jakarta.el-api-4.0.0.jar:/Users/abner/.m2/repository/org/eclipse/parsson/parsson/1.0.2/parsson-1.0.2.jar:/Users/abner/.m2/repository/jakarta/json/jakarta.json-api/2.0.1/jakarta.json-api-2.0.1.jar:/Users/abner/.m2/repository/io/helidon/media/helidon-media-jsonp/3.0.2/helidon-media-jsonp-3.0.2.jar:/Users/abner/.m2/repository/io/helidon/config/helidon-config-yaml/3.0.2/helidon-config-yaml-3.0.2.jar:/Users/abner/.m2/repository/org/yaml/snakeyaml/1.32/snakeyaml-1.32.jar:/Users/abner/.m2/repository/org/glassfish/jersey/ext/cdi/jersey-weld2-se/3.0.8/jersey-weld2-se-3.0.8.jar:/Users/abner/.m2/repository/org/glassfish/jersey/ext/cdi/jersey-cdi1x/3.0.8/jersey-cdi1x-3.0.8.jar:/Users/abner/.m2/repository/io/helidon/jersey/helidon-jersey-media-jsonp/3.0.2/helidon-jersey-media-jsonp-3.0.2.jar:/Users/abner/.m2/repository/org/glassfish/jersey/media/jersey-media-json-processing/3.0.8/jersey-media-json-processing-3.0.8.jar:/Users/abner/.m2/repository/org/eclipse/parsson/parsson-media/1.0.2/parsson-media-1.0.2.jar:/Users/abner/.m2/repository/io/helidon/microprofile/config/helidon-microprofile-config/3.0.2/helidon-microprofile-config-3.0.2.jar:/Users/abner/.m2/repository/io/helidon/config/helidon-config-encryption/3.0.2/helidon-config-encryption-3.0.2.jar:/Users/abner/.m2/repository/io/helidon/common/helidon-common-crypto/3.0.2/helidon-common-crypto-3.0.2.jar:/Users/abner/.m2/repository/io/helidon/config/helidon-config-object-mapping/3.0.2/helidon-config-object-mapping-3.0.2.jar:/Users/abner/.m2/repository/com/fasterxml/jackson/core/jackson-databind/2.13.2.2/jackson-databind-2.13.2.2.jar:/Users/abner/.m2/repository/com/fasterxml/jackson/core/jackson-annotations/2.13.2/jackson-annotations-2.13.2.jar:/Users/abner/.m2/repository/com/fasterxml/jackson/core/jackson-core/2.13.2/jackson-core-2.13.2.jar:/Users/abner/.m2/repository/org/glassfish/jersey/media/jersey-media-json-jackson/3.0.8/jersey-media-json-jackson-3.0.8.jar:/Users/abner/.m2/repository/org/glassfish/jersey/core/jersey-common/3.0.8/jersey-common-3.0.8.jar:/Users/abner/.m2/repository/jakarta/ws/rs/jakarta.ws.rs-api/3.0.0/jakarta.ws.rs-api-3.0.0.jar:/Users/abner/.m2/repository/jakarta/annotation/jakarta.annotation-api/2.0.0/jakarta.annotation-api-2.0.0.jar:/Users/abner/.m2/repository/jakarta/inject/jakarta.inject-api/2.0.0/jakarta.inject-api-2.0.0.jar:/Users/abner/.m2/repository/org/glassfish/hk2/osgi-resource-locator/1.0.3/osgi-resource-locator-1.0.3.jar:/Users/abner/.m2/repository/org/glassfish/jersey/ext/jersey-entity-filtering/3.0.8/jersey-entity-filtering-3.0.8.jar:/Users/abner/.m2/repository/com/fasterxml/jackson/module/jackson-module-jakarta-xmlbind-annotations/2.13.2/jackson-module-jakarta-xmlbind-annotations-2.13.2.jar:/Users/abner/.m2/repository/com/sun/activation/jakarta.activation/2.0.1/jakarta.activation-2.0.1.jar:/Users/abner/.m2/repository/jakarta/xml/bind/jakarta.xml.bind-api/3.0.1/jakarta.xml.bind-api-3.0.1.jar:/Users/abner/.m2/repository/io/helidon/security/providers/helidon-security-providers-jwt/3.0.2/helidon-security-providers-jwt-3.0.2.jar:/Users/abner/.m2/repository/io/helidon/security/providers/helidon-security-providers-common/3.0.2/helidon-security-providers-common-3.0.2.jar:/Users/abner/.m2/repository/io/helidon/security/helidon-security-jwt/3.0.2/helidon-security-jwt-3.0.2.jar:/Users/abner/.m2/repository/io/helidon/common/helidon-common/3.0.2/helidon-common-3.0.2.jar:/Users/abner/.m2/repository/io/helidon/common/helidon-common-configurable/3.0.2/helidon-common-configurable-3.0.2.jar:/Users/abner/.m2/repository/io/helidon/security/helidon-security-util/3.0.2/helidon-security-util-3.0.2.jar:/Users/abner/.m2/repository/io/helidon/security/providers/helidon-security-providers-abac/3.0.2/helidon-security-providers-abac-3.0.2.jar:/Users/abner/.m2/repository/io/helidon/security/helidon-security/3.0.2/helidon-security-3.0.2.jar:/Users/abner/.m2/repository/io/helidon/common/helidon-common-reactive/3.0.2/helidon-common-reactive-3.0.2.jar:/Users/abner/.m2/repository/io/helidon/common/helidon-common-mapper/3.0.2/helidon-common-mapper-3.0.2.jar:/Users/abner/.m2/repository/io/helidon/tracing/helidon-tracing/3.0.2/helidon-tracing-3.0.2.jar:/Users/abner/.m2/repository/io/helidon/microprofile/helidon-microprofile-security/3.0.2/helidon-microprofile-security-3.0.2.jar:/Users/abner/.m2/repository/io/helidon/microprofile/cdi/helidon-microprofile-cdi/3.0.2/helidon-microprofile-cdi-3.0.2.jar:/Users/abner/.m2/repository/io/helidon/microprofile/weld/weld-se-core/3.0.2/weld-se-core-3.0.2.jar:/Users/abner/.m2/repository/io/helidon/microprofile/weld/weld-core-impl/3.0.2/weld-core-impl-3.0.2.jar:/Users/abner/.m2/repository/org/jboss/weld/environment/weld-environment-common/4.0.2.Final/weld-environment-common-4.0.2.Final.jar:/Users/abner/.m2/repository/org/jboss/weld/weld-api/4.0.SP1/weld-api-4.0.SP1.jar:/Users/abner/.m2/repository/org/jboss/weld/weld-spi/4.0.SP1/weld-spi-4.0.SP1.jar:/Users/abner/.m2/repository/org/jboss/logging/jboss-logging/3.4.2.Final/jboss-logging-3.4.2.Final.jar:/Users/abner/.m2/repository/org/jboss/classfilewriter/jboss-classfilewriter/1.2.5.Final/jboss-classfilewriter-1.2.5.Final.jar:/Users/abner/.m2/repository/org/eclipse/microprofile/config/microprofile-config-api/3.0.1/microprofile-config-api-3.0.1.jar:/Users/abner/.m2/repository/io/helidon/common/helidon-common-context/3.0.2/helidon-common-context-3.0.2.jar:/Users/abner/.m2/repository/io/helidon/bundles/helidon-bundles-security/3.0.2/helidon-bundles-security-3.0.2.jar:/Users/abner/.m2/repository/io/helidon/security/helidon-security-annotations/3.0.2/helidon-security-annotations-3.0.2.jar:/Users/abner/.m2/repository/io/helidon/security/providers/helidon-security-providers-header/3.0.2/helidon-security-providers-header-3.0.2.jar:/Users/abner/.m2/repository/io/helidon/security/providers/helidon-security-providers-http-auth/3.0.2/helidon-security-providers-http-auth-3.0.2.jar:/Users/abner/.m2/repository/io/helidon/security/providers/helidon-security-providers-http-sign/3.0.2/helidon-security-providers-http-sign-3.0.2.jar:/Users/abner/.m2/repository/io/helidon/security/providers/helidon-security-providers-oidc/3.0.2/helidon-security-providers-oidc-3.0.2.jar:/Users/abner/.m2/repository/io/helidon/security/providers/helidon-security-providers-oidc-common/3.0.2/helidon-security-providers-oidc-common-3.0.2.jar:/Users/abner/.m2/repository/io/helidon/webclient/helidon-webclient-security/3.0.2/helidon-webclient-security-3.0.2.jar:/Users/abner/.m2/repository/io/helidon/webclient/helidon-webclient-tracing/3.0.2/helidon-webclient-tracing-3.0.2.jar:/Users/abner/.m2/repository/io/helidon/webclient/helidon-webclient/3.0.2/helidon-webclient-3.0.2.jar:/Users/abner/.m2/repository/io/netty/netty-handler-proxy/4.1.77.Final/netty-handler-proxy-4.1.77.Final.jar:/Users/abner/.m2/repository/io/netty/netty-codec-socks/4.1.77.Final/netty-codec-socks-4.1.77.Final.jar:/Users/abner/.m2/repository/io/netty/netty-resolver-dns/4.1.77.Final/netty-resolver-dns-4.1.77.Final.jar:/Users/abner/.m2/repository/io/netty/netty-codec-dns/4.1.77.Final/netty-codec-dns-4.1.77.Final.jar:/Users/abner/.m2/repository/io/helidon/security/abac/helidon-security-abac-time/3.0.2/helidon-security-abac-time-3.0.2.jar:/Users/abner/.m2/repository/io/helidon/security/abac/helidon-security-abac-role/3.0.2/helidon-security-abac-role-3.0.2.jar:/Users/abner/.m2/repository/io/helidon/security/abac/helidon-security-abac-scope/3.0.2/helidon-security-abac-scope-3.0.2.jar:/Users/abner/.m2/repository/io/helidon/security/abac/helidon-security-abac-policy/3.0.2/helidon-security-abac-policy-3.0.2.jar:/Users/abner/.m2/repository/io/helidon/security/integration/helidon-security-integration-jersey/3.0.2/helidon-security-integration-jersey-3.0.2.jar:/Users/abner/.m2/repository/io/helidon/security/integration/helidon-security-integration-common/3.0.2/helidon-security-integration-common-3.0.2.jar:/Users/abner/.m2/repository/io/helidon/tracing/helidon-tracing-config/3.0.2/helidon-tracing-config-3.0.2.jar:/Users/abner/.m2/repository/io/helidon/webclient/helidon-webclient-jaxrs/3.0.2/helidon-webclient-jaxrs-3.0.2.jar:/Users/abner/.m2/repository/io/opentracing/opentracing-util/0.33.0/opentracing-util-0.33.0.jar:/Users/abner/.m2/repository/io/opentracing/opentracing-api/0.33.0/opentracing-api-0.33.0.jar:/Users/abner/.m2/repository/io/opentracing/opentracing-noop/0.33.0/opentracing-noop-0.33.0.jar:/Users/abner/.m2/repository/io/helidon/security/integration/helidon-security-integration-webserver/3.0.2/helidon-security-integration-webserver-3.0.2.jar:/Users/abner/.m2/repository/io/helidon/security/integration/helidon-security-integration-jersey-client/3.0.2/helidon-security-integration-jersey-client-3.0.2.jar:/Users/abner/.m2/repository/io/helidon/microprofile/helidon-microprofile-cors/3.0.2/helidon-microprofile-cors-3.0.2.jar:/Users/abner/.m2/repository/io/helidon/jersey/helidon-jersey-common/3.0.2/helidon-jersey-common-3.0.2.jar:/Users/abner/.m2/repository/io/helidon/webserver/helidon-webserver/3.0.2/helidon-webserver-3.0.2.jar:/Users/abner/.m2/repository/io/helidon/common/helidon-common-http/3.0.2/helidon-common-http-3.0.2.jar:/Users/abner/.m2/repository/io/helidon/media/helidon-media-common/3.0.2/helidon-media-common-3.0.2.jar:/Users/abner/.m2/repository/io/helidon/common/helidon-common-key-util/3.0.2/helidon-common-key-util-3.0.2.jar:/Users/abner/.m2/repository/io/helidon/logging/helidon-logging-common/3.0.2/helidon-logging-common-3.0.2.jar:/Users/abner/.m2/repository/io/netty/netty-codec-http/4.1.77.Final/netty-codec-http-4.1.77.Final.jar:/Users/abner/.m2/repository/io/netty/netty-common/4.1.77.Final/netty-common-4.1.77.Final.jar:/Users/abner/.m2/repository/io/netty/netty-transport/4.1.77.Final/netty-transport-4.1.77.Final.jar:/Users/abner/.m2/repository/io/netty/netty-codec/4.1.77.Final/netty-codec-4.1.77.Final.jar:/Users/abner/.m2/repository/io/netty/netty-handler/4.1.77.Final/netty-handler-4.1.77.Final.jar:/Users/abner/.m2/repository/io/netty/netty-resolver/4.1.77.Final/netty-resolver-4.1.77.Final.jar:/Users/abner/.m2/repository/io/helidon/webserver/helidon-webserver-jersey/3.0.2/helidon-webserver-jersey-3.0.2.jar:/Users/abner/.m2/repository/io/helidon/jersey/helidon-jersey-server/3.0.2/helidon-jersey-server-3.0.2.jar:/Users/abner/.m2/repository/org/glassfish/jersey/core/jersey-server/3.0.8/jersey-server-3.0.8.jar:/Users/abner/.m2/repository/jakarta/validation/jakarta.validation-api/3.0.0/jakarta.validation-api-3.0.0.jar:/Users/abner/.m2/repository/io/netty/netty-buffer/4.1.77.Final/netty-buffer-4.1.77.Final.jar:/Users/abner/.m2/repository/org/glassfish/jersey/inject/jersey-hk2/3.0.8/jersey-hk2-3.0.8.jar:/Users/abner/.m2/repository/org/glassfish/hk2/hk2-locator/3.0.3/hk2-locator-3.0.3.jar:/Users/abner/.m2/repository/org/glassfish/hk2/external/aopalliance-repackaged/3.0.3/aopalliance-repackaged-3.0.3.jar:/Users/abner/.m2/repository/org/glassfish/hk2/hk2-api/3.0.3/hk2-api-3.0.3.jar:/Users/abner/.m2/repository/org/glassfish/hk2/hk2-utils/3.0.3/hk2-utils-3.0.3.jar:/Users/abner/.m2/repository/org/javassist/javassist/3.28.0-GA/javassist-3.28.0-GA.jar:/Users/abner/.m2/repository/io/helidon/webserver/helidon-webserver-cors/3.0.2/helidon-webserver-cors-3.0.2.jar:/Users/abner/.m2/repository/io/helidon/config/helidon-config-mp/3.0.2/helidon-config-mp-3.0.2.jar:/Users/abner/.m2/repository/org/jboss/jandex/2.4.3.Final/jandex-2.4.3.Final.jar:/Users/abner/.m2/repository/jakarta/activation/jakarta.activation-api/2.0.1/jakarta.activation-api-2.0.1.jar:/Users/abner/.m2/repository/org/junit/jupiter/junit-jupiter-api/5.7.0/junit-jupiter-api-5.7.0.jar:/Users/abner/.m2/repository/org/apiguardian/apiguardian-api/1.1.0/apiguardian-api-1.1.0.jar:/Users/abner/.m2/repository/org/opentest4j/opentest4j/1.2.0/opentest4j-1.2.0.jar:/Users/abner/.m2/repository/org/junit/platform/junit-platform-commons/1.7.0/junit-platform-commons-1.7.0.jar:/Users/abner/.m2/repository/io/helidon/microprofile/tests/helidon-microprofile-tests-junit5/3.0.2/helidon-microprofile-tests-junit5-3.0.2.jar:/Users/abner/.m2/repository/io/helidon/jersey/helidon-jersey-client/3.0.2/helidon-jersey-client-3.0.2.jar:/Users/abner/.m2/repository/org/glassfish/jersey/core/jersey-client/3.0.8/jersey-client-3.0.8.jar:/Users/abner/.m2/repository/io/helidon/config/helidon-config-yaml-mp/3.0.2/helidon-config-yaml-mp-3.0.2.jar:/Users/abner/.m2/repository/org/hamcrest/hamcrest-all/1.3/hamcrest-all-1.3.jar:/Users/abner/.m2/repository/io/helidon/microprofile/jwt/helidon-microprofile-jwt-auth/3.0.2/helidon-microprofile-jwt-auth-3.0.2.jar:/Users/abner/.m2/repository/org/eclipse/microprofile/jwt/microprofile-jwt-auth-api/2.0/microprofile-jwt-auth-api-2.0.jar:/Users/abner/.m2/repository/io/helidon/config/helidon-config/3.0.2/helidon-config-3.0.2.jar:/Users/abner/.m2/repository/io/helidon/common/helidon-common-media-type/3.0.2/helidon-common-media-type-3.0.2.jar:"/>
    <property name="sun.cpu.endian" value="little"/>
    <property name="user.home" value="/Users/abner"/>
    <property name="user.language" value="en"/>
    <property name="java.specification.vendor" value="Oracle Corporation"/>
    <property name="io.netty.allocator.maxOrder" value="6"/>
    <property name="java.version.date" value="2022-07-19"/>
    <property name="java.home" value="/opt/homebrew/Cellar/openjdk/18.0.2/libexec/openjdk.jdk/Contents/Home"/>
    <property name="file.separator" value="/"/>
    <property name="basedir" value="/Users/abner/oci/java/custom-mp"/>
    <property name="java.vm.compressedOopsMode" value="Zero based"/>
    <property name="line.separator" value="&#10;"/>
    <property name="java.vm.specification.vendor" value="Oracle Corporation"/>
    <property name="java.specification.name" value="Java Platform API Specification"/>
    <property name="apple.awt.application.name" value="ForkedBooter"/>
    <property name="surefire.real.class.path" value="/Users/abner/oci/java/custom-mp/target/surefire/surefirebooter3725683459345717064.jar"/>
    <property name="java.util.logging.config.file" value="/Users/abner/oci/java/custom-mp/target/classes/logging.properties"/>
    <property name="sun.management.compiler" value="HotSpot 64-Bit Tiered Compilers"/>
    <property name="ftp.nonProxyHosts" value="local|*.local|169.254/16|*.169.254/16"/>
    <property name="java.runtime.version" value="18.0.2+0"/>
    <property name="user.name" value="abner"/>
    <property name="path.separator" value=":"/>
    <property name="os.version" value="12.3.1"/>
    <property name="java.runtime.name" value="OpenJDK Runtime Environment"/>
    <property name="file.encoding" value="UTF-8"/>
    <property name="java.vm.name" value="OpenJDK 64-Bit Server VM"/>
    <property name="java.vendor.version" value="Homebrew"/>
    <property name="localRepository" value="/Users/abner/.m2/repository"/>
    <property name="jersey.config.client.ignoreExceptionResponse" value="true"/>
    <property name="java.vendor.url.bug" value="https://github.com/Homebrew/homebrew-core/issues"/>
    <property name="java.io.tmpdir" value="/var/folders/qf/lqfmrdrn0d776wfnfbtrqqr40000gn/T/"/>
    <property name="java.version" value="18.0.2"/>
    <property name="user.dir" value="/Users/abner/oci/java/custom-mp"/>
    <property name="os.arch" value="aarch64"/>
    <property name="java.vm.specification.name" value="Java Virtual Machine Specification"/>
    <property name="native.encoding" value="UTF-8"/>
    <property name="java.library.path" value="/Users/abner/Library/Java/Extensions:/Library/Java/Extensions:/Network/Library/Java/Extensions:/System/Library/Java/Extensions:/usr/lib/java:."/>
    <property name="java.vm.info" value="mixed mode, sharing"/>
    <property name="java.vendor" value="Homebrew"/>
    <property name="java.vm.version" value="18.0.2+0"/>
    <property name="sun.io.unicode.encoding" value="UnicodeBig"/>
    <property name="socksNonProxyHosts" value="local|*.local|169.254/16|*.169.254/16"/>
    <property name="java.class.version" value="62.0"/>
  </properties>
  <testcase name="testGreet" classname="me.abner.mp.custom.MainTest" time="0.137">
    <error type="jakarta.ws.rs.NotFoundException"><![CDATA[jakarta.ws.rs.NotFoundException: HTTP 404 Not Found
	at me.abner.mp.custom.MainTest.testGreet(MainTest.java:29)
]]></error>
    <system-out><![CDATA[2022.11.01 13:08:39 INFO io.helidon.common.LogConfig Thread[main,5,main]: Logging at initialization configured using /Users/abner/oci/java/custom-mp/target/classes/logging.properties
2022.11.01 13:08:39 INFO io.helidon.security.Security$Builder Thread[main,5,main]: Security is disabled, ignoring provider configuration
2022.11.01 13:08:39 INFO io.helidon.microprofile.security.SecurityCdiExtension Thread[main,5,main]: Authorization provider is missing from security configuration, but security extension for microprofile is enabled (requires providers configuration at key security.providers). ABAC provider is configured for authorization.
2022.11.01 13:08:39 INFO io.helidon.microprofile.security.SecurityCdiExtension Thread[main,5,main]: Security is disabled.
2022.11.01 13:08:40 INFO io.helidon.microprofile.server.ServerCdiExtension Thread[main,5,main]: Registering JAX-RS Application: ApplicationConfig
2022.11.01 13:08:40 INFO io.helidon.security.integration.webserver.WebSecurity Thread[main,5,main]: Security is disabled. Not registering any security handlers
2022.11.01 13:08:40 INFO io.helidon.webserver.NettyWebServer Thread[nioEventLoopGroup-2-1,10,main]: Channel '@default' started: [id: 0x79ca460f, L:/[0:0:0:0:0:0:0:0]:62877]
2022.11.01 13:08:40 INFO io.helidon.microprofile.server.ServerCdiExtension Thread[main,5,main]: Server started on http://localhost:62877 (and all other host addresses) in 1098 milliseconds (since JVM startup).
2022.11.01 13:08:40 INFO io.helidon.common.HelidonFeatures Thread[features-thread,5,main]: Helidon MP 3.0.2 features: [CDI, Config, JAX-RS, Security, Server]
]]></system-out>
  </testcase>
</testsuite>